[2022-09-12 11:00:18] local.ERROR: SQLSTATE[23502]: Not null violation: 7 ERROR:  null value in column "pretention_salarial" of relation "agents" violates not-null constraint
DETAIL:  Failing row contains (1, RENE, DROIT, 2021-02-13, Sokodé, M, Togolaise, CU, DER2-12-DERZ, 2020-12-10, 2025-12-10, Kara, Pya, 20, fabrice@gmail.com, Célibataire, 5, Professeur, forme.png, NOUNOU, 7H À 18H, AIDER PLUS DE PERSONNE, AMOUR, COUTURE, OUI, CDD, 14H, 10/11/2022, ACTIF, 70254578, null, null, 2022-09-12 11:00:18, 2022-09-12 11:00:18, null). (SQL: insert into "agents" ("nom", "prenom", "date_naissance", "lieu_naissance", "genre", "nationalite", "piece_identite", "numero_de_piece", "date_delivrer", "date_expiration", "ville_residence", "quartier", "rue", "email", "situation_familiale", "enfants_encharge", "profession", "avatar", "poste_candidate", "horaire_travail_souhaite", "objectif", "qualite_personnelles", "savoir_faire", "disponible_a_loger", "nature_contrat", "horaire_travail_passe", "date_retenu", "status", "telephone", "updated_at", "created_at") values (RENE, DROIT, 13/02/2021, Sokodé, M, Togolaise, CU, DER2-12-DERZ, 10/12/2020, 10/12/2025, Kara, Pya, 20, fabrice@gmail.com, Célibataire, 5, Professeur, forme.png, NOUNOU, 7H À 18H, AIDER PLUS DE PERSONNE, AMOUR, COUTURE, OUI, CDD, 14H, 10/11/2022, ACTIF, 70254578, 2022-09-12 11:00:18, 2022-09-12 11:00:18) returning "id_agent") {"exception":"[object] (Illuminate\\Database\\QueryException(code: 23502): SQLSTATE[23502]: Not null violation: 7 ERROR:  null value in column \"pretention_salarial\" of relation \"agents\" violates not-null constraint
DETAIL:  Failing row contains (1, RENE, DROIT, 2021-02-13, Sokodé, M, Togolaise, CU, DER2-12-DERZ, 2020-12-10, 2025-12-10, Kara, Pya, 20, fabrice@gmail.com, Célibataire, 5, Professeur, forme.png, NOUNOU, 7H À 18H, AIDER PLUS DE PERSONNE, AMOUR, COUTURE, OUI, CDD, 14H, 10/11/2022, ACTIF, 70254578, null, null, 2022-09-12 11:00:18, 2022-09-12 11:00:18, null). (SQL: insert into \"agents\" (\"nom\", \"prenom\", \"date_naissance\", \"lieu_naissance\", \"genre\", \"nationalite\", \"piece_identite\", \"numero_de_piece\", \"date_delivrer\", \"date_expiration\", \"ville_residence\", \"quartier\", \"rue\", \"email\", \"situation_familiale\", \"enfants_encharge\", \"profession\", \"avatar\", \"poste_candidate\", \"horaire_travail_souhaite\", \"objectif\", \"qualite_personnelles\", \"savoir_faire\", \"disponible_a_loger\", \"nature_contrat\", \"horaire_travail_passe\", \"date_retenu\", \"status\", \"telephone\", \"updated_at\", \"created_at\") values (RENE, DROIT, 13/02/2021, Sokodé, M, Togolaise, CU, DER2-12-DERZ, 10/12/2020, 10/12/2025, Kara, Pya, 20, fabrice@gmail.com, Célibataire, 5, Professeur, forme.png, NOUNOU, 7H À 18H, AIDER PLUS DE PERSONNE, AMOUR, COUTURE, OUI, CDD, 14H, 10/11/2022, ACTIF, 70254578, 2022-09-12 11:00:18, 2022-09-12 11:00:18) returning \"id_agent\") at /home/fadila/Documents/StageL2/FadilaMenageSite/vendor/laravel/framework/src/Illuminate/Database/Connection.php:759)
[stacktrace]
#0 /home/fadila/Documents/StageL2/FadilaMenageSite/vendor/laravel/framework/src/Illuminate/Database/Connection.php(719): Illuminate\\Database\\Connection->runQueryCallback()
#1 /home/fadila/Documents/StageL2/FadilaMenageSite/vendor/laravel/framework/src/Illuminate/Database/Connection.php(421): Illuminate\\Database\\Connection->run()
#2 /home/fadila/Documents/StageL2/FadilaMenageSite/vendor/laravel/framework/src/Illuminate/Database/Connection.php(391): Illuminate\\Database\\Connection->select()
#3 /home/fadila/Documents/StageL2/FadilaMenageSite/vendor/laravel/framework/src/Illuminate/Database/Query/Processors/PostgresProcessor.php(24): Illuminate\\Database\\Connection->selectFromWriteConnection()
#4 /home/fadila/Documents/StageL2/FadilaMenageSite/vendor/laravel/framework/src/Illuminate/Database/Query/Builder.php(3246): Illuminate\\Database\\Query\\Processors\\PostgresProcessor->processInsertGetId()
#5 /home/fadila/Documents/StageL2/FadilaMenageSite/vendor/laravel/framework/src/Illuminate/Database/Eloquent/Builder.php(1858): Illuminate\\Database\\Query\\Builder->insertGetId()
#6 /home/fadila/Documents/StageL2/FadilaMenageSite/vendor/laravel/framework/src/Illuminate/Database/Eloquent/Model.php(1216): Illuminate\\Database\\Eloquent\\Builder->__call()
#7 /home/fadila/Documents/StageL2/FadilaMenageSite/vendor/laravel/framework/src/Illuminate/Database/Eloquent/Model.php(1181): Illuminate\\Database\\Eloquent\\Model->insertAndSetId()
#8 /home/fadila/Documents/StageL2/FadilaMenageSite/vendor/laravel/framework/src/Illuminate/Database/Eloquent/Model.php(1022): Illuminate\\Database\\Eloquent\\Model->performInsert()
#9 /home/fadila/Documents/StageL2/FadilaMenageSite/vendor/laravel/framework/src/Illuminate/Database/Eloquent/Builder.php(975): Illuminate\\Database\\Eloquent\\Model->save()
#10 /home/fadila/Documents/StageL2/FadilaMenageSite/vendor/laravel/framework/src/Illuminate/Support/helpers.php(302): Illuminate\\Database\\Eloquent\\Builder->Illuminate\\Database\\Eloquent\\{closure}()
#11 /home/fadila/Documents/StageL2/FadilaMenageSite/vendor/laravel/framework/src/Illuminate/Database/Eloquent/Builder.php(976): tap()
#12 /home/fadila/Documents/StageL2/FadilaMenageSite/vendor/laravel/framework/src/Illuminate/Support/Traits/ForwardsCalls.php(23): Illuminate\\Database\\Eloquent\\Builder->create()
#13 /home/fadila/Documents/StageL2/FadilaMenageSite/vendor/laravel/framework/src/Illuminate/Database/Eloquent/Model.php(2191): Illuminate\\Database\\Eloquent\\Model->forwardCallTo()
#14 /home/fadila/Documents/StageL2/FadilaMenageSite/vendor/laravel/framework/src/Illuminate/Database/Eloquent/Model.php(2203): Illuminate\\Database\\Eloquent\\Model->__call()
#15 /home/fadila/Documents/StageL2/FadilaMenageSite/database/seeders/UserSeeder.php(99): Illuminate\\Database\\Eloquent\\Model::__callStatic()
#16 /home/fadila/Documents/StageL2/FadilaMenageSite/vendor/laravel/framework/src/Illuminate/Container/BoundMethod.php(36): Database\\Seeders\\UserSeeder->run()
#17 /home/fadila/Documents/StageL2/FadilaMenageSite/vendor/laravel/framework/src/Illuminate/Container/Util.php(41): Illuminate\\Container\\BoundMethod::Illuminate\\Container\\{closure}()
#18 /home/fadila/Documents/StageL2/FadilaMenageSite/vendor/laravel/framework/src/Illuminate/Container/BoundMethod.php(93): Illuminate\\Container\\Util::unwrapIfClosure()
#19 /home/fadila/Documents/StageL2/FadilaMenageSite/vendor/laravel/framework/src/Illuminate/Container/BoundMethod.php(37): Illuminate\\Container\\BoundMethod::callBoundMethod()
#20 /home/fadila/Documents/StageL2/FadilaMenageSite/vendor/laravel/framework/src/Illuminate/Container/Container.php(651): Illuminate\\Container\\BoundMethod::call()
#21 /home/fadila/Documents/StageL2/FadilaMenageSite/vendor/laravel/framework/src/Illuminate/Database/Seeder.php(184): Illuminate\\Container\\Container->call()
#22 /home/fadila/Documents/StageL2/FadilaMenageSite/vendor/laravel/framework/src/Illuminate/Database/Seeder.php(193): Illuminate\\Database\\Seeder->Illuminate\\Database\\{closure}()
#23 /home/fadila/Documents/StageL2/FadilaMenageSite/vendor/laravel/framework/src/Illuminate/Database/Seeder.php(61): Illuminate\\Database\\Seeder->__invoke()
#24 /home/fadila/Documents/StageL2/FadilaMenageSite/database/seeders/DatabaseSeeder.php(25): Illuminate\\Database\\Seeder->call()
#25 /home/fadila/Documents/StageL2/FadilaMenageSite/vendor/laravel/framework/src/Illuminate/Container/BoundMethod.php(36): Database\\Seeders\\DatabaseSeeder->run()
#26 /home/fadila/Documents/StageL2/FadilaMenageSite/vendor/laravel/framework/src/Illuminate/Container/Util.php(41): Illuminate\\Container\\BoundMethod::Illuminate\\Container\\{closure}()
#27 /home/fadila/Documents/StageL2/FadilaMenageSite/vendor/laravel/framework/src/Illuminate/Container/BoundMethod.php(93): Illuminate\\Container\\Util::unwrapIfClosure()
#28 /home/fadila/Documents/StageL2/FadilaMenageSite/vendor/laravel/framework/src/Illuminate/Container/BoundMethod.php(37): Illuminate\\Container\\BoundMethod::callBoundMethod()
#29 /home/fadila/Documents/StageL2/FadilaMenageSite/vendor/laravel/framework/src/Illuminate/Container/Container.php(651): Illuminate\\Container\\BoundMethod::call()
#30 /home/fadila/Documents/StageL2/FadilaMenageSite/vendor/laravel/framework/src/Illuminate/Database/Seeder.php(184): Illuminate\\Container\\Container->call()
#31 /home/fadila/Documents/StageL2/FadilaMenageSite/vendor/laravel/framework/src/Illuminate/Database/Seeder.php(193): Illuminate\\Database\\Seeder->Illuminate\\Database\\{closure}()
#32 /home/fadila/Documents/StageL2/FadilaMenageSite/vendor/laravel/framework/src/Illuminate/Database/Console/Seeds/SeedCommand.php(81): Illuminate\\Database\\Seeder->__invoke()
#33 /home/fadila/Documents/StageL2/FadilaMenageSite/vendor/laravel/framework/src/Illuminate/Database/Eloquent/Concerns/GuardsAttributes.php(155): Illuminate\\Database\\Console\\Seeds\\SeedCommand->Illuminate\\Database\\Console\\Seeds\\{closure}()
#34 /home/fadila/Documents/StageL2/FadilaMenageSite/vendor/laravel/framework/src/Illuminate/Database/Console/Seeds/SeedCommand.php(82): Illuminate\\Database\\Eloquent\\Model::unguarded()
#35 /home/fadila/Documents/StageL2/FadilaMenageSite/vendor/laravel/framework/src/Illuminate/Container/BoundMethod.php(36): Illuminate\\Database\\Console\\Seeds\\SeedCommand->handle()
#36 /home/fadila/Documents/StageL2/FadilaMenageSite/vendor/laravel/framework/src/Illuminate/Container/Util.php(41): Illuminate\\Container\\BoundMethod::Illuminate\\Container\\{closure}()
#37 /home/fadila/Documents/StageL2/FadilaMenageSite/vendor/laravel/framework/src/Illuminate/Container/BoundMethod.php(93): Illuminate\\Container\\Util::unwrapIfClosure()
#38 /home/fadila/Documents/StageL2/FadilaMenageSite/vendor/laravel/framework/src/Illuminate/Container/BoundMethod.php(37): Illuminate\\Container\\BoundMethod::callBoundMethod()
#39 /home/fadila/Documents/StageL2/FadilaMenageSite/vendor/laravel/framework/src/Illuminate/Container/Container.php(651): Illuminate\\Container\\BoundMethod::call()
#40 /home/fadila/Documents/StageL2/FadilaMenageSite/vendor/laravel/framework/src/Illuminate/Console/Command.php(139): Illuminate\\Container\\Container->call()
#41 /home/fadila/Documents/StageL2/FadilaMenageSite/vendor/symfony/console/Command/Command.php(308): Illuminate\\Console\\Command->execute()
#42 /home/fadila/Documents/StageL2/FadilaMenageSite/vendor/laravel/framework/src/Illuminate/Console/Command.php(124): Symfony\\Component\\Console\\Command\\Command->run()
#43 /home/fadila/Documents/StageL2/FadilaMenageSite/vendor/laravel/framework/src/Illuminate/Console/Concerns/CallsCommands.php(68): Illuminate\\Console\\Command->run()
#44 /home/fadila/Documents/StageL2/FadilaMenageSite/vendor/laravel/framework/src/Illuminate/Console/Concerns/CallsCommands.php(28): Illuminate\\Console\\Command->runCommand()
#45 /home/fadila/Documents/StageL2/FadilaMenageSite/vendor/laravel/framework/src/Illuminate/Database/Console/Migrations/FreshCommand.php(94): Illuminate\\Console\\Command->call()
#46 /home/fadila/Documents/StageL2/FadilaMenageSite/vendor/laravel/framework/src/Illuminate/Database/Console/Migrations/FreshCommand.php(69): Illuminate\\Database\\Console\\Migrations\\FreshCommand->runSeeder()
#47 /home/fadila/Documents/StageL2/FadilaMenageSite/vendor/laravel/framework/src/Illuminate/Container/BoundMethod.php(36): Illuminate\\Database\\Console\\Migrations\\FreshCommand->handle()
#48 /home/fadila/Documents/StageL2/FadilaMenageSite/vendor/laravel/framework/src/Illuminate/Container/Util.php(41): Illuminate\\Container\\BoundMethod::Illuminate\\Container\\{closure}()
#49 /home/fadila/Documents/StageL2/FadilaMenageSite/vendor/laravel/framework/src/Illuminate/Container/BoundMethod.php(93): Illuminate\\Container\\Util::unwrapIfClosure()
#50 /home/fadila/Documents/StageL2/FadilaMenageSite/vendor/laravel/framework/src/Illuminate/Container/BoundMethod.php(37): Illuminate\\Container\\BoundMethod::callBoundMethod()
#51 /home/fadila/Documents/StageL2/FadilaMenageSite/vendor/laravel/framework/src/Illuminate/Container/Container.php(651): Illuminate\\Container\\BoundMethod::call()
#52 /home/fadila/Documents/StageL2/FadilaMenageSite/vendor/laravel/framework/src/Illuminate/Console/Command.php(139): Illuminate\\Container\\Container->call()
#53 /home/fadila/Documents/StageL2/FadilaMenageSite/vendor/symfony/console/Command/Command.php(308): Illuminate\\Console\\Command->execute()
#54 /home/fadila/Documents/StageL2/FadilaMenageSite/vendor/laravel/framework/src/Illuminate/Console/Command.php(124): Symfony\\Component\\Console\\Command\\Command->run()
#55 /home/fadila/Documents/StageL2/FadilaMenageSite/vendor/symfony/console/Application.php(1002): Illuminate\\Console\\Command->run()
#56 /home/fadila/Documents/StageL2/FadilaMenageSite/vendor/symfony/console/Application.php(299): Symfony\\Component\\Console\\Application->doRunCommand()
#57 /home/fadila/Documents/StageL2/FadilaMenageSite/vendor/symfony/console/Application.php(171): Symfony\\Component\\Console\\Application->doRun()
#58 /home/fadila/Documents/StageL2/FadilaMenageSite/vendor/laravel/framework/src/Illuminate/Console/Application.php(102): Symfony\\Component\\Console\\Application->run()
#59 /home/fadila/Documents/StageL2/FadilaMenageSite/vendor/laravel/framework/src/Illuminate/Foundation/Console/Kernel.php(129): Illuminate\\Console\\Application->run()
#60 /home/fadila/Documents/StageL2/FadilaMenageSite/artisan(37): Illuminate\\Foundation\\Console\\Kernel->handle()
#61 {main}

[previous exception] [object] (PDOException(code: 23502): SQLSTATE[23502]: Not null violation: 7 ERROR:  null value in column \"pretention_salarial\" of relation \"agents\" violates not-null constraint
DETAIL:  Failing row contains (1, RENE, DROIT, 2021-02-13, Sokodé, M, Togolaise, CU, DER2-12-DERZ, 2020-12-10, 2025-12-10, Kara, Pya, 20, fabrice@gmail.com, Célibataire, 5, Professeur, forme.png, NOUNOU, 7H À 18H, AIDER PLUS DE PERSONNE, AMOUR, COUTURE, OUI, CDD, 14H, 10/11/2022, ACTIF, 70254578, null, null, 2022-09-12 11:00:18, 2022-09-12 11:00:18, null). at /home/fadila/Documents/StageL2/FadilaMenageSite/vendor/laravel/framework/src/Illuminate/Database/Connection.php:418)
[stacktrace]
#0 /home/fadila/Documents/StageL2/FadilaMenageSite/vendor/laravel/framework/src/Illuminate/Database/Connection.php(418): PDOStatement->execute()
#1 /home/fadila/Documents/StageL2/FadilaMenageSite/vendor/laravel/framework/src/Illuminate/Database/Connection.php(752): Illuminate\\Database\\Connection->Illuminate\\Database\\{closure}()
#2 /home/fadila/Documents/StageL2/FadilaMenageSite/vendor/laravel/framework/src/Illuminate/Database/Connection.php(719): Illuminate\\Database\\Connection->runQueryCallback()
#3 /home/fadila/Documents/StageL2/FadilaMenageSite/vendor/laravel/framework/src/Illuminate/Database/Connection.php(421): Illuminate\\Database\\Connection->run()
#4 /home/fadila/Documents/StageL2/FadilaMenageSite/vendor/laravel/framework/src/Illuminate/Database/Connection.php(391): Illuminate\\Database\\Connection->select()
#5 /home/fadila/Documents/StageL2/FadilaMenageSite/vendor/laravel/framework/src/Illuminate/Database/Query/Processors/PostgresProcessor.php(24): Illuminate\\Database\\Connection->selectFromWriteConnection()
#6 /home/fadila/Documents/StageL2/FadilaMenageSite/vendor/laravel/framework/src/Illuminate/Database/Query/Builder.php(3246): Illuminate\\Database\\Query\\Processors\\PostgresProcessor->processInsertGetId()
#7 /home/fadila/Documents/StageL2/FadilaMenageSite/vendor/laravel/framework/src/Illuminate/Database/Eloquent/Builder.php(1858): Illuminate\\Database\\Query\\Builder->insertGetId()
#8 /home/fadila/Documents/StageL2/FadilaMenageSite/vendor/laravel/framework/src/Illuminate/Database/Eloquent/Model.php(1216): Illuminate\\Database\\Eloquent\\Builder->__call()
#9 /home/fadila/Documents/StageL2/FadilaMenageSite/vendor/laravel/framework/src/Illuminate/Database/Eloquent/Model.php(1181): Illuminate\\Database\\Eloquent\\Model->insertAndSetId()
#10 /home/fadila/Documents/StageL2/FadilaMenageSite/vendor/laravel/framework/src/Illuminate/Database/Eloquent/Model.php(1022): Illuminate\\Database\\Eloquent\\Model->performInsert()
#11 /home/fadila/Documents/StageL2/FadilaMenageSite/vendor/laravel/framework/src/Illuminate/Database/Eloquent/Builder.php(975): Illuminate\\Database\\Eloquent\\Model->save()
#12 /home/fadila/Documents/StageL2/FadilaMenageSite/vendor/laravel/framework/src/Illuminate/Support/helpers.php(302): Illuminate\\Database\\Eloquent\\Builder->Illuminate\\Database\\Eloquent\\{closure}()
#13 /home/fadila/Documents/StageL2/FadilaMenageSite/vendor/laravel/framework/src/Illuminate/Database/Eloquent/Builder.php(976): tap()
#14 /home/fadila/Documents/StageL2/FadilaMenageSite/vendor/laravel/framework/src/Illuminate/Support/Traits/ForwardsCalls.php(23): Illuminate\\Database\\Eloquent\\Builder->create()
#15 /home/fadila/Documents/StageL2/FadilaMenageSite/vendor/laravel/framework/src/Illuminate/Database/Eloquent/Model.php(2191): Illuminate\\Database\\Eloquent\\Model->forwardCallTo()
#16 /home/fadila/Documents/StageL2/FadilaMenageSite/vendor/laravel/framework/src/Illuminate/Database/Eloquent/Model.php(2203): Illuminate\\Database\\Eloquent\\Model->__call()
#17 /home/fadila/Documents/StageL2/FadilaMenageSite/database/seeders/UserSeeder.php(99): Illuminate\\Database\\Eloquent\\Model::__callStatic()
#18 /home/fadila/Documents/StageL2/FadilaMenageSite/vendor/laravel/framework/src/Illuminate/Container/BoundMethod.php(36): Database\\Seeders\\UserSeeder->run()
#19 /home/fadila/Documents/StageL2/FadilaMenageSite/vendor/laravel/framework/src/Illuminate/Container/Util.php(41): Illuminate\\Container\\BoundMethod::Illuminate\\Container\\{closure}()
#20 /home/fadila/Documents/StageL2/FadilaMenageSite/vendor/laravel/framework/src/Illuminate/Container/BoundMethod.php(93): Illuminate\\Container\\Util::unwrapIfClosure()
#21 /home/fadila/Documents/StageL2/FadilaMenageSite/vendor/laravel/framework/src/Illuminate/Container/BoundMethod.php(37): Illuminate\\Container\\BoundMethod::callBoundMethod()
#22 /home/fadila/Documents/StageL2/FadilaMenageSite/vendor/laravel/framework/src/Illuminate/Container/Container.php(651): Illuminate\\Container\\BoundMethod::call()
#23 /home/fadila/Documents/StageL2/FadilaMenageSite/vendor/laravel/framework/src/Illuminate/Database/Seeder.php(184): Illuminate\\Container\\Container->call()
#24 /home/fadila/Documents/StageL2/FadilaMenageSite/vendor/laravel/framework/src/Illuminate/Database/Seeder.php(193): Illuminate\\Database\\Seeder->Illuminate\\Database\\{closure}()
#25 /home/fadila/Documents/StageL2/FadilaMenageSite/vendor/laravel/framework/src/Illuminate/Database/Seeder.php(61): Illuminate\\Database\\Seeder->__invoke()
#26 /home/fadila/Documents/StageL2/FadilaMenageSite/database/seeders/DatabaseSeeder.php(25): Illuminate\\Database\\Seeder->call()
#27 /home/fadila/Documents/StageL2/FadilaMenageSite/vendor/laravel/framework/src/Illuminate/Container/BoundMethod.php(36): Database\\Seeders\\DatabaseSeeder->run()
#28 /home/fadila/Documents/StageL2/FadilaMenageSite/vendor/laravel/framework/src/Illuminate/Container/Util.php(41): Illuminate\\Container\\BoundMethod::Illuminate\\Container\\{closure}()
#29 /home/fadila/Documents/StageL2/FadilaMenageSite/vendor/laravel/framework/src/Illuminate/Container/BoundMethod.php(93): Illuminate\\Container\\Util::unwrapIfClosure()
#30 /home/fadila/Documents/StageL2/FadilaMenageSite/vendor/laravel/framework/src/Illuminate/Container/BoundMethod.php(37): Illuminate\\Container\\BoundMethod::callBoundMethod()
#31 /home/fadila/Documents/StageL2/FadilaMenageSite/vendor/laravel/framework/src/Illuminate/Container/Container.php(651): Illuminate\\Container\\BoundMethod::call()
#32 /home/fadila/Documents/StageL2/FadilaMenageSite/vendor/laravel/framework/src/Illuminate/Database/Seeder.php(184): Illuminate\\Container\\Container->call()
#33 /home/fadila/Documents/StageL2/FadilaMenageSite/vendor/laravel/framework/src/Illuminate/Database/Seeder.php(193): Illuminate\\Database\\Seeder->Illuminate\\Database\\{closure}()
#34 /home/fadila/Documents/StageL2/FadilaMenageSite/vendor/laravel/framework/src/Illuminate/Database/Console/Seeds/SeedCommand.php(81): Illuminate\\Database\\Seeder->__invoke()
#35 /home/fadila/Documents/StageL2/FadilaMenageSite/vendor/laravel/framework/src/Illuminate/Database/Eloquent/Concerns/GuardsAttributes.php(155): Illuminate\\Database\\Console\\Seeds\\SeedCommand->Illuminate\\Database\\Console\\Seeds\\{closure}()
#36 /home/fadila/Documents/StageL2/FadilaMenageSite/vendor/laravel/framework/src/Illuminate/Database/Console/Seeds/SeedCommand.php(82): Illuminate\\Database\\Eloquent\\Model::unguarded()
#37 /home/fadila/Documents/StageL2/FadilaMenageSite/vendor/laravel/framework/src/Illuminate/Container/BoundMethod.php(36): Illuminate\\Database\\Console\\Seeds\\SeedCommand->handle()
#38 /home/fadila/Documents/StageL2/FadilaMenageSite/vendor/laravel/framework/src/Illuminate/Container/Util.php(41): Illuminate\\Container\\BoundMethod::Illuminate\\Container\\{closure}()
#39 /home/fadila/Documents/StageL2/FadilaMenageSite/vendor/laravel/framework/src/Illuminate/Container/BoundMethod.php(93): Illuminate\\Container\\Util::unwrapIfClosure()
#40 /home/fadila/Documents/StageL2/FadilaMenageSite/vendor/laravel/framework/src/Illuminate/Container/BoundMethod.php(37): Illuminate\\Container\\BoundMethod::callBoundMethod()
#41 /home/fadila/Documents/StageL2/FadilaMenageSite/vendor/laravel/framework/src/Illuminate/Container/Container.php(651): Illuminate\\Container\\BoundMethod::call()
#42 /home/fadila/Documents/StageL2/FadilaMenageSite/vendor/laravel/framework/src/Illuminate/Console/Command.php(139): Illuminate\\Container\\Container->call()
#43 /home/fadila/Documents/StageL2/FadilaMenageSite/vendor/symfony/console/Command/Command.php(308): Illuminate\\Console\\Command->execute()
#44 /home/fadila/Documents/StageL2/FadilaMenageSite/vendor/laravel/framework/src/Illuminate/Console/Command.php(124): Symfony\\Component\\Console\\Command\\Command->run()
#45 /home/fadila/Documents/StageL2/FadilaMenageSite/vendor/laravel/framework/src/Illuminate/Console/Concerns/CallsCommands.php(68): Illuminate\\Console\\Command->run()
#46 /home/fadila/Documents/StageL2/FadilaMenageSite/vendor/laravel/framework/src/Illuminate/Console/Concerns/CallsCommands.php(28): Illuminate\\Console\\Command->runCommand()
#47 /home/fadila/Documents/StageL2/FadilaMenageSite/vendor/laravel/framework/src/Illuminate/Database/Console/Migrations/FreshCommand.php(94): Illuminate\\Console\\Command->call()
#48 /home/fadila/Documents/StageL2/FadilaMenageSite/vendor/laravel/framework/src/Illuminate/Database/Console/Migrations/FreshCommand.php(69): Illuminate\\Database\\Console\\Migrations\\FreshCommand->runSeeder()
#49 /home/fadila/Documents/StageL2/FadilaMenageSite/vendor/laravel/framework/src/Illuminate/Container/BoundMethod.php(36): Illuminate\\Database\\Console\\Migrations\\FreshCommand->handle()
#50 /home/fadila/Documents/StageL2/FadilaMenageSite/vendor/laravel/framework/src/Illuminate/Container/Util.php(41): Illuminate\\Container\\BoundMethod::Illuminate\\Container\\{closure}()
#51 /home/fadila/Documents/StageL2/FadilaMenageSite/vendor/laravel/framework/src/Illuminate/Container/BoundMethod.php(93): Illuminate\\Container\\Util::unwrapIfClosure()
#52 /home/fadila/Documents/StageL2/FadilaMenageSite/vendor/laravel/framework/src/Illuminate/Container/BoundMethod.php(37): Illuminate\\Container\\BoundMethod::callBoundMethod()
#53 /home/fadila/Documents/StageL2/FadilaMenageSite/vendor/laravel/framework/src/Illuminate/Container/Container.php(651): Illuminate\\Container\\BoundMethod::call()
#54 /home/fadila/Documents/StageL2/FadilaMenageSite/vendor/laravel/framework/src/Illuminate/Console/Command.php(139): Illuminate\\Container\\Container->call()
#55 /home/fadila/Documents/StageL2/FadilaMenageSite/vendor/symfony/console/Command/Command.php(308): Illuminate\\Console\\Command->execute()
#56 /home/fadila/Documents/StageL2/FadilaMenageSite/vendor/laravel/framework/src/Illuminate/Console/Command.php(124): Symfony\\Component\\Console\\Command\\Command->run()
#57 /home/fadila/Documents/StageL2/FadilaMenageSite/vendor/symfony/console/Application.php(1002): Illuminate\\Console\\Command->run()
#58 /home/fadila/Documents/StageL2/FadilaMenageSite/vendor/symfony/console/Application.php(299): Symfony\\Component\\Console\\Application->doRunCommand()
#59 /home/fadila/Documents/StageL2/FadilaMenageSite/vendor/symfony/console/Application.php(171): Symfony\\Component\\Console\\Application->doRun()
#60 /home/fadila/Documents/StageL2/FadilaMenageSite/vendor/laravel/framework/src/Illuminate/Console/Application.php(102): Symfony\\Component\\Console\\Application->run()
#61 /home/fadila/Documents/StageL2/FadilaMenageSite/vendor/laravel/framework/src/Illuminate/Foundation/Console/Kernel.php(129): Illuminate\\Console\\Application->run()
#62 /home/fadila/Documents/StageL2/FadilaMenageSite/artisan(37): Illuminate\\Foundation\\Console\\Kernel->handle()
#63 {main}
"} 
